<?xml version="1.0" encoding="UTF-8"?>
<robot generator="Robot 5.0.1 (Python 3.10.2 on win32)" generated="20220620 15:44:51.459" rpa="false" schemaversion="3">
<suite id="s1" name="Frames" source="C:\Users\user\Desktop\ROBOTTESTWORKSPACE\DemoBook_Detail_view\Tests\frames.robot">
<test id="s1-t1" name="Managing with alerts" line="12">
<kw name="Open Browser" library="SeleniumLibrary">
<arg>${url}</arg>
<arg>${browser}</arg>
<doc>Opens a new browser instance to the optional ``url``.</doc>
<msg timestamp="20220620 15:44:52.078" level="INFO">Opening browser 'chrome' to base url 'https://www.selenium.dev/selenium/docs/api/java/index.html?overview-summary.html'.</msg>
<status status="PASS" starttime="20220620 15:44:52.078" endtime="20220620 15:44:55.282"/>
</kw>
<kw name="Maximize Browser Window" library="SeleniumLibrary">
<doc>Maximizes current browser window.</doc>
<status status="PASS" starttime="20220620 15:44:55.290" endtime="20220620 15:44:55.512"/>
</kw>
<kw name="Frames" library="frames_instructions">
<kw name="Select Frame" library="SeleniumLibrary">
<arg>packageListFrame</arg>
<doc>Sets frame identified by ``locator`` as the current frame.</doc>
<msg timestamp="20220620 15:44:55.519" level="INFO">Selecting frame 'packageListFrame'.</msg>
<status status="PASS" starttime="20220620 15:44:55.518" endtime="20220620 15:44:55.671"/>
</kw>
<kw name="Click Link" library="SeleniumLibrary">
<arg>org.openqa.selenium</arg>
<doc>Clicks a link identified by ``locator``.</doc>
<msg timestamp="20220620 15:44:55.671" level="INFO">Clicking link 'org.openqa.selenium'.</msg>
<status status="PASS" starttime="20220620 15:44:55.671" endtime="20220620 15:44:55.855"/>
</kw>
<kw name="Unselect Frame" library="SeleniumLibrary">
<doc>Sets the main frame as the current frame.</doc>
<status status="PASS" starttime="20220620 15:44:55.855" endtime="20220620 15:44:55.861"/>
</kw>
<kw name="Sleep" library="BuiltIn">
<arg>3seconds</arg>
<doc>Pauses the test executed for the given time.</doc>
<msg timestamp="20220620 15:44:58.878" level="INFO">Slept 3 seconds</msg>
<status status="PASS" starttime="20220620 15:44:55.862" endtime="20220620 15:44:58.879"/>
</kw>
<kw name="Select Frame" library="SeleniumLibrary">
<arg>packageFrame</arg>
<doc>Sets frame identified by ``locator`` as the current frame.</doc>
<msg timestamp="20220620 15:44:58.881" level="INFO">Selecting frame 'packageFrame'.</msg>
<status status="PASS" starttime="20220620 15:44:58.879" endtime="20220620 15:44:58.988"/>
</kw>
<kw name="Click Link" library="SeleniumLibrary">
<arg>Alert</arg>
<doc>Clicks a link identified by ``locator``.</doc>
<msg timestamp="20220620 15:44:58.989" level="INFO">Clicking link 'Alert'.</msg>
<status status="PASS" starttime="20220620 15:44:58.988" endtime="20220620 15:44:59.174"/>
</kw>
<kw name="Unselect Frame" library="SeleniumLibrary">
<doc>Sets the main frame as the current frame.</doc>
<status status="PASS" starttime="20220620 15:44:59.175" endtime="20220620 15:44:59.180"/>
</kw>
<kw name="Sleep" library="BuiltIn">
<arg>3seconds</arg>
<doc>Pauses the test executed for the given time.</doc>
<msg timestamp="20220620 15:45:02.180" level="INFO">Slept 3 seconds</msg>
<status status="PASS" starttime="20220620 15:44:59.180" endtime="20220620 15:45:02.180"/>
</kw>
<kw name="Select Frame" library="SeleniumLibrary">
<arg>classFrame</arg>
<doc>Sets frame identified by ``locator`` as the current frame.</doc>
<msg timestamp="20220620 15:45:02.181" level="INFO">Selecting frame 'classFrame'.</msg>
<status status="PASS" starttime="20220620 15:45:02.180" endtime="20220620 15:45:02.227"/>
</kw>
<kw name="Click Link" library="SeleniumLibrary">
<arg>Frames</arg>
<doc>Clicks a link identified by ``locator``.</doc>
<msg timestamp="20220620 15:45:02.228" level="INFO">Clicking link 'Frames'.</msg>
<status status="PASS" starttime="20220620 15:45:02.227" endtime="20220620 15:45:02.503"/>
</kw>
<kw name="Unselect Frame" library="SeleniumLibrary">
<doc>Sets the main frame as the current frame.</doc>
<status status="PASS" starttime="20220620 15:45:02.504" endtime="20220620 15:45:02.948"/>
</kw>
<status status="PASS" starttime="20220620 15:44:55.516" endtime="20220620 15:45:02.948"/>
</kw>
<status status="PASS" starttime="20220620 15:44:52.076" endtime="20220620 15:45:02.953"/>
</test>
<status status="PASS" starttime="20220620 15:44:51.463" endtime="20220620 15:45:02.956"/>
</suite>
<statistics>
<total>
<stat pass="1" fail="0" skip="0">All Tests</stat>
</total>
<tag>
</tag>
<suite>
<stat pass="1" fail="0" skip="0" id="s1" name="Frames">Frames</stat>
</suite>
</statistics>
<errors>
</errors>
</robot>
